time="2024-04-03 09:14:53" level=info msg="Successfully loaded configuration file in file service" func=file/config.InitConfig file="/Users/zhaodeng/go_workspace/BrainBank/service-file/config/init.go:71"
time="2024-04-03 09:14:53" level=info msg="Load mysql configuration successfully." func=file/repositry/dao.InitMysql file="/Users/zhaodeng/go_workspace/BrainBank/service-file/repositry/dao/init_mysql.go:21"
time="2024-04-03 09:14:53" level=info msg="Open mysql successfully." func=file/repositry/dao.InitMysql file="/Users/zhaodeng/go_workspace/BrainBank/service-file/repositry/dao/init_mysql.go:45"
time="2024-04-03 09:14:53" level=info msg="The basic setup of mysql was successful." func=file/repositry/dao.InitMysql file="/Users/zhaodeng/go_workspace/BrainBank/service-file/repositry/dao/init_mysql.go:52"
time="2024-04-03 09:14:53" level=info msg="File model migration to mysql database successful" func=file/repositry/dao.InitMysql file="/Users/zhaodeng/go_workspace/BrainBank/service-file/repositry/dao/init_mysql.go:58"
time="2024-04-03 09:14:53" level=info msg="Load minio configuration successfully." func=file/repositry/oss.InitMinioClient file="/Users/zhaodeng/go_workspace/BrainBank/service-file/repositry/oss/init.go:19"
time="2024-04-03 09:14:53" level=info msg="Loading the minio aiproxy was successful." func=file/repositry/oss.InitMinioClient file="/Users/zhaodeng/go_workspace/BrainBank/service-file/repositry/oss/init.go:58"
time="2024-04-03 09:14:53" level=info msg="Load RabbitMQ configuration successfully" func=file/repositry/mq.InitRabbitMQ file="/Users/zhaodeng/go_workspace/BrainBank/service-file/repositry/mq/init.go:25"
time="2024-04-03 09:14:53" level=info msg="RabbitMQ Initialization Basic Configuration Successful." func=file/repositry/mq.InitRabbitMQ file="/Users/zhaodeng/go_workspace/BrainBank/service-file/repositry/mq/init.go:45"
time="2024-04-03 09:14:53" level=info msg="Worker[2] is started,waiting dead messages......." func=file/repositry/mq.startDeadLetterConsumer.func1 file="/Users/zhaodeng/go_workspace/BrainBank/service-file/repositry/mq/init.go:122"
time="2024-04-03 09:14:53" level=info msg="Worker[1] is started,waiting dead messages......." func=file/repositry/mq.startDeadLetterConsumer.func1 file="/Users/zhaodeng/go_workspace/BrainBank/service-file/repositry/mq/init.go:122"
time="2024-04-03 09:14:53" level=info msg="Worker[3] is started,waiting dead messages......." func=file/repositry/mq.startDeadLetterConsumer.func1 file="/Users/zhaodeng/go_workspace/BrainBank/service-file/repositry/mq/init.go:122"
time="2024-04-03 09:14:53" level=info msg="Worker[0] is started,waiting dead messages......." func=file/repositry/mq.startDeadLetterConsumer.func1 file="/Users/zhaodeng/go_workspace/BrainBank/service-file/repositry/mq/init.go:122"
time="2024-04-03 09:14:53" level=info msg="Worker[4] is started,waiting dead messages......." func=file/repositry/mq.startDeadLetterConsumer.func1 file="/Users/zhaodeng/go_workspace/BrainBank/service-file/repositry/mq/init.go:122"
time="2024-04-03 15:12:38" level=info msg="Successfully loaded configuration file in file service" func=file/config.InitConfig file="/Users/zhaodeng/go_workspace/BrainBank/service-file/config/init.go:71"
time="2024-04-03 15:12:38" level=info msg="Load mysql configuration successfully." func=file/repositry/dao.InitMysql file="/Users/zhaodeng/go_workspace/BrainBank/service-file/repositry/dao/init_mysql.go:21"
time="2024-04-03 15:12:38" level=info msg="Open mysql successfully." func=file/repositry/dao.InitMysql file="/Users/zhaodeng/go_workspace/BrainBank/service-file/repositry/dao/init_mysql.go:45"
time="2024-04-03 15:12:38" level=info msg="The basic setup of mysql was successful." func=file/repositry/dao.InitMysql file="/Users/zhaodeng/go_workspace/BrainBank/service-file/repositry/dao/init_mysql.go:52"
time="2024-04-03 15:12:38" level=info msg="File model migration to mysql database successful" func=file/repositry/dao.InitMysql file="/Users/zhaodeng/go_workspace/BrainBank/service-file/repositry/dao/init_mysql.go:58"
time="2024-04-03 15:12:38" level=info msg="Load minio configuration successfully." func=file/repositry/oss.InitMinioClient file="/Users/zhaodeng/go_workspace/BrainBank/service-file/repositry/oss/init.go:19"
time="2024-04-03 15:12:38" level=info msg="Loading the minio aiproxy was successful." func=file/repositry/oss.InitMinioClient file="/Users/zhaodeng/go_workspace/BrainBank/service-file/repositry/oss/init.go:58"
time="2024-04-03 15:12:38" level=info msg="Load RabbitMQ configuration successfully" func=file/repositry/mq.InitRabbitMQ file="/Users/zhaodeng/go_workspace/BrainBank/service-file/repositry/mq/init.go:25"
time="2024-04-03 15:12:38" level=info msg="RabbitMQ Initialization Basic Configuration Successful." func=file/repositry/mq.InitRabbitMQ file="/Users/zhaodeng/go_workspace/BrainBank/service-file/repositry/mq/init.go:45"
time="2024-04-03 15:12:38" level=info msg="Worker[2] is started,waiting dead messages......." func=file/repositry/mq.startDeadLetterConsumer.func1 file="/Users/zhaodeng/go_workspace/BrainBank/service-file/repositry/mq/init.go:122"
time="2024-04-03 15:12:38" level=info msg="Worker[1] is started,waiting dead messages......." func=file/repositry/mq.startDeadLetterConsumer.func1 file="/Users/zhaodeng/go_workspace/BrainBank/service-file/repositry/mq/init.go:122"
time="2024-04-03 15:12:38" level=info msg="Worker[0] is started,waiting dead messages......." func=file/repositry/mq.startDeadLetterConsumer.func1 file="/Users/zhaodeng/go_workspace/BrainBank/service-file/repositry/mq/init.go:122"
time="2024-04-03 15:12:38" level=info msg="Worker[4] is started,waiting dead messages......." func=file/repositry/mq.startDeadLetterConsumer.func1 file="/Users/zhaodeng/go_workspace/BrainBank/service-file/repositry/mq/init.go:122"
time="2024-04-03 15:12:38" level=info msg="Worker[3] is started,waiting dead messages......." func=file/repositry/mq.startDeadLetterConsumer.func1 file="/Users/zhaodeng/go_workspace/BrainBank/service-file/repositry/mq/init.go:122"
time="2024-04-03 15:53:42" level=info msg="Successfully loaded configuration file in file service" func=file/config.InitConfig file="/Users/zhaodeng/go_workspace/BrainBank/service-file/config/init.go:71"
time="2024-04-03 15:53:42" level=info msg="Load mysql configuration successfully." func=file/repositry/dao.InitMysql file="/Users/zhaodeng/go_workspace/BrainBank/service-file/repositry/dao/init_mysql.go:21"
time="2024-04-03 15:53:42" level=info msg="Open mysql successfully." func=file/repositry/dao.InitMysql file="/Users/zhaodeng/go_workspace/BrainBank/service-file/repositry/dao/init_mysql.go:45"
time="2024-04-03 15:53:42" level=info msg="The basic setup of mysql was successful." func=file/repositry/dao.InitMysql file="/Users/zhaodeng/go_workspace/BrainBank/service-file/repositry/dao/init_mysql.go:52"
time="2024-04-03 15:53:42" level=info msg="File model migration to mysql database successful" func=file/repositry/dao.InitMysql file="/Users/zhaodeng/go_workspace/BrainBank/service-file/repositry/dao/init_mysql.go:58"
time="2024-04-03 15:53:42" level=info msg="Load minio configuration successfully." func=file/repositry/oss.InitMinioClient file="/Users/zhaodeng/go_workspace/BrainBank/service-file/repositry/oss/init.go:19"
time="2024-04-03 15:53:42" level=info msg="Loading the minio aiproxy was successful." func=file/repositry/oss.InitMinioClient file="/Users/zhaodeng/go_workspace/BrainBank/service-file/repositry/oss/init.go:58"
time="2024-04-03 15:53:42" level=info msg="Load RabbitMQ configuration successfully" func=file/repositry/mq.InitRabbitMQ file="/Users/zhaodeng/go_workspace/BrainBank/service-file/repositry/mq/init.go:25"
time="2024-04-03 15:53:42" level=info msg="RabbitMQ Initialization Basic Configuration Successful." func=file/repositry/mq.InitRabbitMQ file="/Users/zhaodeng/go_workspace/BrainBank/service-file/repositry/mq/init.go:45"
time="2024-04-03 15:53:42" level=info msg="Worker[1] is started,waiting dead messages......." func=file/repositry/mq.startDeadLetterConsumer.func1 file="/Users/zhaodeng/go_workspace/BrainBank/service-file/repositry/mq/init.go:122"
time="2024-04-03 15:53:42" level=info msg="Worker[2] is started,waiting dead messages......." func=file/repositry/mq.startDeadLetterConsumer.func1 file="/Users/zhaodeng/go_workspace/BrainBank/service-file/repositry/mq/init.go:122"
time="2024-04-03 15:53:42" level=info msg="Worker[0] is started,waiting dead messages......." func=file/repositry/mq.startDeadLetterConsumer.func1 file="/Users/zhaodeng/go_workspace/BrainBank/service-file/repositry/mq/init.go:122"
time="2024-04-03 15:53:42" level=info msg="Worker[3] is started,waiting dead messages......." func=file/repositry/mq.startDeadLetterConsumer.func1 file="/Users/zhaodeng/go_workspace/BrainBank/service-file/repositry/mq/init.go:122"
time="2024-04-03 15:53:42" level=info msg="Worker[4] is started,waiting dead messages......." func=file/repositry/mq.startDeadLetterConsumer.func1 file="/Users/zhaodeng/go_workspace/BrainBank/service-file/repositry/mq/init.go:122"
time="2024-04-03 21:52:32" level=info msg="Successfully loaded configuration file in file service" func=file/config.InitConfig file="/Users/zhaodeng/go_workspace/BrainBank/service-file/config/init.go:71"
time="2024-04-03 21:52:32" level=info msg="Load mysql configuration successfully." func=file/repositry/dao.InitMysql file="/Users/zhaodeng/go_workspace/BrainBank/service-file/repositry/dao/init_mysql.go:21"
time="2024-04-03 21:52:32" level=info msg="Open mysql successfully." func=file/repositry/dao.InitMysql file="/Users/zhaodeng/go_workspace/BrainBank/service-file/repositry/dao/init_mysql.go:45"
time="2024-04-03 21:52:32" level=info msg="The basic setup of mysql was successful." func=file/repositry/dao.InitMysql file="/Users/zhaodeng/go_workspace/BrainBank/service-file/repositry/dao/init_mysql.go:52"
time="2024-04-03 21:52:32" level=info msg="File model migration to mysql database successful" func=file/repositry/dao.InitMysql file="/Users/zhaodeng/go_workspace/BrainBank/service-file/repositry/dao/init_mysql.go:58"
time="2024-04-03 21:52:32" level=info msg="Load minio configuration successfully." func=file/repositry/oss.InitMinioClient file="/Users/zhaodeng/go_workspace/BrainBank/service-file/repositry/oss/init.go:19"
time="2024-04-03 21:52:32" level=info msg="Loading the minio aiproxy was successful." func=file/repositry/oss.InitMinioClient file="/Users/zhaodeng/go_workspace/BrainBank/service-file/repositry/oss/init.go:58"
time="2024-04-03 21:52:32" level=info msg="Load RabbitMQ configuration successfully" func=file/repositry/mq.InitRabbitMQ file="/Users/zhaodeng/go_workspace/BrainBank/service-file/repositry/mq/init.go:25"
time="2024-04-03 21:52:32" level=info msg="RabbitMQ Initialization Basic Configuration Successful." func=file/repositry/mq.InitRabbitMQ file="/Users/zhaodeng/go_workspace/BrainBank/service-file/repositry/mq/init.go:45"
time="2024-04-03 21:52:32" level=info msg="Worker[0] is started,waiting dead messages......." func=file/repositry/mq.startDeadLetterConsumer.func1 file="/Users/zhaodeng/go_workspace/BrainBank/service-file/repositry/mq/init.go:122"
time="2024-04-03 21:52:32" level=info msg="Worker[1] is started,waiting dead messages......." func=file/repositry/mq.startDeadLetterConsumer.func1 file="/Users/zhaodeng/go_workspace/BrainBank/service-file/repositry/mq/init.go:122"
time="2024-04-03 21:52:32" level=info msg="Worker[2] is started,waiting dead messages......." func=file/repositry/mq.startDeadLetterConsumer.func1 file="/Users/zhaodeng/go_workspace/BrainBank/service-file/repositry/mq/init.go:122"
time="2024-04-03 21:52:32" level=info msg="Worker[3] is started,waiting dead messages......." func=file/repositry/mq.startDeadLetterConsumer.func1 file="/Users/zhaodeng/go_workspace/BrainBank/service-file/repositry/mq/init.go:122"
time="2024-04-03 21:52:32" level=info msg="Worker[4] is started,waiting dead messages......." func=file/repositry/mq.startDeadLetterConsumer.func1 file="/Users/zhaodeng/go_workspace/BrainBank/service-file/repositry/mq/init.go:122"
