time="2024-03-14 08:40:34" level=info msg="Worker[1] is started,waiting dead messages......." func=file/repositry/mq.startDeadLetterConsumer.func1 file="/Users/zhaodeng/go_workspace/BrainBank/service-file/repositry/mq/init.go:112"
time="2024-03-14 08:40:34" level=info msg="Worker[0] is started,waiting dead messages......." func=file/repositry/mq.startDeadLetterConsumer.func1 file="/Users/zhaodeng/go_workspace/BrainBank/service-file/repositry/mq/init.go:112"
time="2024-03-14 08:40:34" level=info msg="Worker[3] is started,waiting dead messages......." func=file/repositry/mq.startDeadLetterConsumer.func1 file="/Users/zhaodeng/go_workspace/BrainBank/service-file/repositry/mq/init.go:112"
time="2024-03-14 08:40:34" level=info msg="Worker[4] is started,waiting dead messages......." func=file/repositry/mq.startDeadLetterConsumer.func1 file="/Users/zhaodeng/go_workspace/BrainBank/service-file/repositry/mq/init.go:112"
time="2024-03-14 08:40:34" level=info msg="Worker[2] is started,waiting dead messages......." func=file/repositry/mq.startDeadLetterConsumer.func1 file="/Users/zhaodeng/go_workspace/BrainBank/service-file/repositry/mq/init.go:112"
time="2024-03-14 08:44:27" level=error msg="文件对象入库时发生错误:Error 1292 (22007): Incorrect datetime value: '0000-00-00' for column 'created' at row 1" func="file/core.(*FileService).UploadDocument" file="/Users/zhaodeng/go_workspace/BrainBank/service-file/core/fileService.go:421"
time="2024-03-14 08:48:46" level=error msg="查询文件名称时发生错误:Error 1146 (42S02): Table 'brain_bank_db.document' doesn't exist" func="file/core.(*FileService).UploadDocument" file="/Users/zhaodeng/go_workspace/BrainBank/service-file/core/fileService.go:395"
time="2024-03-14 09:17:14" level=info msg="Worker[0] is started,waiting dead messages......." func=file/repositry/mq.startDeadLetterConsumer.func1 file="/Users/zhaodeng/go_workspace/BrainBank/service-file/repositry/mq/init.go:112"
time="2024-03-14 09:17:14" level=info msg="Worker[1] is started,waiting dead messages......." func=file/repositry/mq.startDeadLetterConsumer.func1 file="/Users/zhaodeng/go_workspace/BrainBank/service-file/repositry/mq/init.go:112"
time="2024-03-14 09:17:14" level=info msg="Worker[4] is started,waiting dead messages......." func=file/repositry/mq.startDeadLetterConsumer.func1 file="/Users/zhaodeng/go_workspace/BrainBank/service-file/repositry/mq/init.go:112"
time="2024-03-14 09:17:14" level=info msg="Worker[3] is started,waiting dead messages......." func=file/repositry/mq.startDeadLetterConsumer.func1 file="/Users/zhaodeng/go_workspace/BrainBank/service-file/repositry/mq/init.go:112"
time="2024-03-14 09:17:14" level=info msg="Worker[2] is started,waiting dead messages......." func=file/repositry/mq.startDeadLetterConsumer.func1 file="/Users/zhaodeng/go_workspace/BrainBank/service-file/repositry/mq/init.go:112"
time="2024-03-14 10:42:52" level=info msg="Worker[1] is started,waiting dead messages......." func=file/repositry/mq.startDeadLetterConsumer.func1 file="/Users/zhaodeng/go_workspace/BrainBank/service-file/repositry/mq/init.go:112"
time="2024-03-14 10:42:52" level=info msg="Worker[0] is started,waiting dead messages......." func=file/repositry/mq.startDeadLetterConsumer.func1 file="/Users/zhaodeng/go_workspace/BrainBank/service-file/repositry/mq/init.go:112"
time="2024-03-14 10:42:52" level=info msg="Worker[4] is started,waiting dead messages......." func=file/repositry/mq.startDeadLetterConsumer.func1 file="/Users/zhaodeng/go_workspace/BrainBank/service-file/repositry/mq/init.go:112"
time="2024-03-14 10:42:52" level=info msg="Worker[2] is started,waiting dead messages......." func=file/repositry/mq.startDeadLetterConsumer.func1 file="/Users/zhaodeng/go_workspace/BrainBank/service-file/repositry/mq/init.go:112"
time="2024-03-14 10:42:52" level=info msg="Worker[3] is started,waiting dead messages......." func=file/repositry/mq.startDeadLetterConsumer.func1 file="/Users/zhaodeng/go_workspace/BrainBank/service-file/repositry/mq/init.go:112"
time="2024-03-14 10:53:09" level=info msg="Worker[1] is started,waiting dead messages......." func=file/repositry/mq.startDeadLetterConsumer.func1 file="/Users/zhaodeng/go_workspace/BrainBank/service-file/repositry/mq/init.go:112"
time="2024-03-14 10:53:09" level=info msg="Worker[0] is started,waiting dead messages......." func=file/repositry/mq.startDeadLetterConsumer.func1 file="/Users/zhaodeng/go_workspace/BrainBank/service-file/repositry/mq/init.go:112"
time="2024-03-14 10:53:09" level=info msg="Worker[2] is started,waiting dead messages......." func=file/repositry/mq.startDeadLetterConsumer.func1 file="/Users/zhaodeng/go_workspace/BrainBank/service-file/repositry/mq/init.go:112"
time="2024-03-14 10:53:09" level=info msg="Worker[3] is started,waiting dead messages......." func=file/repositry/mq.startDeadLetterConsumer.func1 file="/Users/zhaodeng/go_workspace/BrainBank/service-file/repositry/mq/init.go:112"
time="2024-03-14 10:53:09" level=info msg="Worker[4] is started,waiting dead messages......." func=file/repositry/mq.startDeadLetterConsumer.func1 file="/Users/zhaodeng/go_workspace/BrainBank/service-file/repositry/mq/init.go:112"
time="2024-03-14 11:31:49" level=info msg="Worker[1] is started,waiting dead messages......." func=file/repositry/mq.startDeadLetterConsumer.func1 file="/Users/zhaodeng/go_workspace/BrainBank/service-file/repositry/mq/init.go:112"
time="2024-03-14 11:31:49" level=info msg="Worker[0] is started,waiting dead messages......." func=file/repositry/mq.startDeadLetterConsumer.func1 file="/Users/zhaodeng/go_workspace/BrainBank/service-file/repositry/mq/init.go:112"
time="2024-03-14 11:31:49" level=info msg="Worker[3] is started,waiting dead messages......." func=file/repositry/mq.startDeadLetterConsumer.func1 file="/Users/zhaodeng/go_workspace/BrainBank/service-file/repositry/mq/init.go:112"
time="2024-03-14 11:31:49" level=info msg="Worker[2] is started,waiting dead messages......." func=file/repositry/mq.startDeadLetterConsumer.func1 file="/Users/zhaodeng/go_workspace/BrainBank/service-file/repositry/mq/init.go:112"
time="2024-03-14 11:31:49" level=info msg="Worker[4] is started,waiting dead messages......." func=file/repositry/mq.startDeadLetterConsumer.func1 file="/Users/zhaodeng/go_workspace/BrainBank/service-file/repositry/mq/init.go:112"
time="2024-03-14 11:50:21" level=info msg="Worker[1] is started,waiting dead messages......." func=file/repositry/mq.startDeadLetterConsumer.func1 file="/Users/zhaodeng/go_workspace/BrainBank/service-file/repositry/mq/init.go:112"
time="2024-03-14 11:50:21" level=info msg="Worker[4] is started,waiting dead messages......." func=file/repositry/mq.startDeadLetterConsumer.func1 file="/Users/zhaodeng/go_workspace/BrainBank/service-file/repositry/mq/init.go:112"
time="2024-03-14 11:50:21" level=info msg="Worker[2] is started,waiting dead messages......." func=file/repositry/mq.startDeadLetterConsumer.func1 file="/Users/zhaodeng/go_workspace/BrainBank/service-file/repositry/mq/init.go:112"
time="2024-03-14 11:50:21" level=info msg="Worker[3] is started,waiting dead messages......." func=file/repositry/mq.startDeadLetterConsumer.func1 file="/Users/zhaodeng/go_workspace/BrainBank/service-file/repositry/mq/init.go:112"
time="2024-03-14 11:50:21" level=info msg="Worker[0] is started,waiting dead messages......." func=file/repositry/mq.startDeadLetterConsumer.func1 file="/Users/zhaodeng/go_workspace/BrainBank/service-file/repositry/mq/init.go:112"
time="2024-03-14 11:50:47" level=info msg="Worker[1] is started,waiting dead messages......." func=file/repositry/mq.startDeadLetterConsumer.func1 file="/Users/zhaodeng/go_workspace/BrainBank/service-file/repositry/mq/init.go:112"
time="2024-03-14 11:50:47" level=info msg="Worker[2] is started,waiting dead messages......." func=file/repositry/mq.startDeadLetterConsumer.func1 file="/Users/zhaodeng/go_workspace/BrainBank/service-file/repositry/mq/init.go:112"
time="2024-03-14 11:50:47" level=info msg="Worker[3] is started,waiting dead messages......." func=file/repositry/mq.startDeadLetterConsumer.func1 file="/Users/zhaodeng/go_workspace/BrainBank/service-file/repositry/mq/init.go:112"
time="2024-03-14 11:50:47" level=info msg="Worker[0] is started,waiting dead messages......." func=file/repositry/mq.startDeadLetterConsumer.func1 file="/Users/zhaodeng/go_workspace/BrainBank/service-file/repositry/mq/init.go:112"
time="2024-03-14 11:50:47" level=info msg="Worker[4] is started,waiting dead messages......." func=file/repositry/mq.startDeadLetterConsumer.func1 file="/Users/zhaodeng/go_workspace/BrainBank/service-file/repositry/mq/init.go:112"
time="2024-03-14 12:08:18" level=info msg="Worker[1] is started,waiting dead messages......." func=file/repositry/mq.startDeadLetterConsumer.func1 file="/Users/zhaodeng/go_workspace/BrainBank/service-file/repositry/mq/init.go:112"
time="2024-03-14 12:08:18" level=info msg="Worker[3] is started,waiting dead messages......." func=file/repositry/mq.startDeadLetterConsumer.func1 file="/Users/zhaodeng/go_workspace/BrainBank/service-file/repositry/mq/init.go:112"
time="2024-03-14 12:08:18" level=info msg="Worker[4] is started,waiting dead messages......." func=file/repositry/mq.startDeadLetterConsumer.func1 file="/Users/zhaodeng/go_workspace/BrainBank/service-file/repositry/mq/init.go:112"
time="2024-03-14 12:08:18" level=info msg="Worker[2] is started,waiting dead messages......." func=file/repositry/mq.startDeadLetterConsumer.func1 file="/Users/zhaodeng/go_workspace/BrainBank/service-file/repositry/mq/init.go:112"
time="2024-03-14 12:08:18" level=info msg="Worker[0] is started,waiting dead messages......." func=file/repositry/mq.startDeadLetterConsumer.func1 file="/Users/zhaodeng/go_workspace/BrainBank/service-file/repositry/mq/init.go:112"
time="2024-03-14 12:13:20" level=info msg="Worker[1] is started,waiting dead messages......." func=file/repositry/mq.startDeadLetterConsumer.func1 file="/Users/zhaodeng/go_workspace/BrainBank/service-file/repositry/mq/init.go:112"
time="2024-03-14 12:13:20" level=info msg="Worker[3] is started,waiting dead messages......." func=file/repositry/mq.startDeadLetterConsumer.func1 file="/Users/zhaodeng/go_workspace/BrainBank/service-file/repositry/mq/init.go:112"
time="2024-03-14 12:13:20" level=info msg="Worker[2] is started,waiting dead messages......." func=file/repositry/mq.startDeadLetterConsumer.func1 file="/Users/zhaodeng/go_workspace/BrainBank/service-file/repositry/mq/init.go:112"
time="2024-03-14 12:13:20" level=info msg="Worker[4] is started,waiting dead messages......." func=file/repositry/mq.startDeadLetterConsumer.func1 file="/Users/zhaodeng/go_workspace/BrainBank/service-file/repositry/mq/init.go:112"
time="2024-03-14 12:13:20" level=info msg="Worker[0] is started,waiting dead messages......." func=file/repositry/mq.startDeadLetterConsumer.func1 file="/Users/zhaodeng/go_workspace/BrainBank/service-file/repositry/mq/init.go:112"
time="2024-03-14 12:17:30" level=info msg="Worker[2] is started,waiting dead messages......." func=file/repositry/mq.startDeadLetterConsumer.func1 file="/Users/zhaodeng/go_workspace/BrainBank/service-file/repositry/mq/init.go:112"
time="2024-03-14 12:17:30" level=info msg="Worker[1] is started,waiting dead messages......." func=file/repositry/mq.startDeadLetterConsumer.func1 file="/Users/zhaodeng/go_workspace/BrainBank/service-file/repositry/mq/init.go:112"
time="2024-03-14 12:17:30" level=info msg="Worker[0] is started,waiting dead messages......." func=file/repositry/mq.startDeadLetterConsumer.func1 file="/Users/zhaodeng/go_workspace/BrainBank/service-file/repositry/mq/init.go:112"
time="2024-03-14 12:17:30" level=info msg="Worker[3] is started,waiting dead messages......." func=file/repositry/mq.startDeadLetterConsumer.func1 file="/Users/zhaodeng/go_workspace/BrainBank/service-file/repositry/mq/init.go:112"
time="2024-03-14 12:17:30" level=info msg="Worker[4] is started,waiting dead messages......." func=file/repositry/mq.startDeadLetterConsumer.func1 file="/Users/zhaodeng/go_workspace/BrainBank/service-file/repositry/mq/init.go:112"
time="2024-03-14 12:20:39" level=info msg="Worker[0] is started,waiting dead messages......." func=file/repositry/mq.startDeadLetterConsumer.func1 file="/Users/zhaodeng/go_workspace/BrainBank/service-file/repositry/mq/init.go:112"
time="2024-03-14 12:20:39" level=info msg="Worker[2] is started,waiting dead messages......." func=file/repositry/mq.startDeadLetterConsumer.func1 file="/Users/zhaodeng/go_workspace/BrainBank/service-file/repositry/mq/init.go:112"
time="2024-03-14 12:20:39" level=info msg="Worker[4] is started,waiting dead messages......." func=file/repositry/mq.startDeadLetterConsumer.func1 file="/Users/zhaodeng/go_workspace/BrainBank/service-file/repositry/mq/init.go:112"
time="2024-03-14 12:20:39" level=info msg="Worker[1] is started,waiting dead messages......." func=file/repositry/mq.startDeadLetterConsumer.func1 file="/Users/zhaodeng/go_workspace/BrainBank/service-file/repositry/mq/init.go:112"
time="2024-03-14 12:20:39" level=info msg="Worker[3] is started,waiting dead messages......." func=file/repositry/mq.startDeadLetterConsumer.func1 file="/Users/zhaodeng/go_workspace/BrainBank/service-file/repositry/mq/init.go:112"
time="2024-03-14 15:14:50" level=info msg="Worker[0] is started,waiting dead messages......." func=file/repositry/mq.startDeadLetterConsumer.func1 file="/Users/zhaodeng/go_workspace/BrainBank/service-file/repositry/mq/init.go:112"
time="2024-03-14 15:14:50" level=info msg="Worker[2] is started,waiting dead messages......." func=file/repositry/mq.startDeadLetterConsumer.func1 file="/Users/zhaodeng/go_workspace/BrainBank/service-file/repositry/mq/init.go:112"
time="2024-03-14 15:14:50" level=info msg="Worker[1] is started,waiting dead messages......." func=file/repositry/mq.startDeadLetterConsumer.func1 file="/Users/zhaodeng/go_workspace/BrainBank/service-file/repositry/mq/init.go:112"
time="2024-03-14 15:14:50" level=info msg="Worker[3] is started,waiting dead messages......." func=file/repositry/mq.startDeadLetterConsumer.func1 file="/Users/zhaodeng/go_workspace/BrainBank/service-file/repositry/mq/init.go:112"
time="2024-03-14 15:14:50" level=info msg="Worker[4] is started,waiting dead messages......." func=file/repositry/mq.startDeadLetterConsumer.func1 file="/Users/zhaodeng/go_workspace/BrainBank/service-file/repositry/mq/init.go:112"
time="2024-03-14 15:16:18" level=info msg="Worker[1] is started,waiting dead messages......." func=file/repositry/mq.startDeadLetterConsumer.func1 file="/Users/zhaodeng/go_workspace/BrainBank/service-file/repositry/mq/init.go:112"
time="2024-03-14 15:16:18" level=info msg="Worker[3] is started,waiting dead messages......." func=file/repositry/mq.startDeadLetterConsumer.func1 file="/Users/zhaodeng/go_workspace/BrainBank/service-file/repositry/mq/init.go:112"
time="2024-03-14 15:16:18" level=info msg="Worker[2] is started,waiting dead messages......." func=file/repositry/mq.startDeadLetterConsumer.func1 file="/Users/zhaodeng/go_workspace/BrainBank/service-file/repositry/mq/init.go:112"
time="2024-03-14 15:16:18" level=info msg="Worker[4] is started,waiting dead messages......." func=file/repositry/mq.startDeadLetterConsumer.func1 file="/Users/zhaodeng/go_workspace/BrainBank/service-file/repositry/mq/init.go:112"
time="2024-03-14 15:16:18" level=info msg="Worker[0] is started,waiting dead messages......." func=file/repositry/mq.startDeadLetterConsumer.func1 file="/Users/zhaodeng/go_workspace/BrainBank/service-file/repositry/mq/init.go:112"
time="2024-03-14 15:25:53" level=info msg="Worker[1] is started,waiting dead messages......." func=file/repositry/mq.startDeadLetterConsumer.func1 file="/Users/zhaodeng/go_workspace/BrainBank/service-file/repositry/mq/init.go:112"
time="2024-03-14 15:25:53" level=info msg="Worker[2] is started,waiting dead messages......." func=file/repositry/mq.startDeadLetterConsumer.func1 file="/Users/zhaodeng/go_workspace/BrainBank/service-file/repositry/mq/init.go:112"
time="2024-03-14 15:25:53" level=info msg="Worker[3] is started,waiting dead messages......." func=file/repositry/mq.startDeadLetterConsumer.func1 file="/Users/zhaodeng/go_workspace/BrainBank/service-file/repositry/mq/init.go:112"
time="2024-03-14 15:25:53" level=info msg="Worker[4] is started,waiting dead messages......." func=file/repositry/mq.startDeadLetterConsumer.func1 file="/Users/zhaodeng/go_workspace/BrainBank/service-file/repositry/mq/init.go:112"
time="2024-03-14 15:25:53" level=info msg="Worker[0] is started,waiting dead messages......." func=file/repositry/mq.startDeadLetterConsumer.func1 file="/Users/zhaodeng/go_workspace/BrainBank/service-file/repositry/mq/init.go:112"
time="2024-03-14 15:46:28" level=error msg="重命名文件时文件信息入库失败:Error 1054 (42S22): Unknown column 'document_id' in 'where clause'" func="file/core.(*FileService).RenameDocument" file="/Users/zhaodeng/go_workspace/BrainBank/service-file/core/fileService.go:623"
time="2024-03-14 15:47:08" level=info msg="Worker[1] is started,waiting dead messages......." func=file/repositry/mq.startDeadLetterConsumer.func1 file="/Users/zhaodeng/go_workspace/BrainBank/service-file/repositry/mq/init.go:112"
time="2024-03-14 15:47:08" level=info msg="Worker[0] is started,waiting dead messages......." func=file/repositry/mq.startDeadLetterConsumer.func1 file="/Users/zhaodeng/go_workspace/BrainBank/service-file/repositry/mq/init.go:112"
time="2024-03-14 15:47:08" level=info msg="Worker[2] is started,waiting dead messages......." func=file/repositry/mq.startDeadLetterConsumer.func1 file="/Users/zhaodeng/go_workspace/BrainBank/service-file/repositry/mq/init.go:112"
time="2024-03-14 15:47:08" level=info msg="Worker[4] is started,waiting dead messages......." func=file/repositry/mq.startDeadLetterConsumer.func1 file="/Users/zhaodeng/go_workspace/BrainBank/service-file/repositry/mq/init.go:112"
time="2024-03-14 15:47:08" level=info msg="Worker[3] is started,waiting dead messages......." func=file/repositry/mq.startDeadLetterConsumer.func1 file="/Users/zhaodeng/go_workspace/BrainBank/service-file/repositry/mq/init.go:112"
time="2024-03-14 15:52:56" level=info msg="Worker[2] is started,waiting dead messages......." func=file/repositry/mq.startDeadLetterConsumer.func1 file="/Users/zhaodeng/go_workspace/BrainBank/service-file/repositry/mq/init.go:112"
time="2024-03-14 15:52:56" level=info msg="Worker[0] is started,waiting dead messages......." func=file/repositry/mq.startDeadLetterConsumer.func1 file="/Users/zhaodeng/go_workspace/BrainBank/service-file/repositry/mq/init.go:112"
time="2024-03-14 15:52:56" level=info msg="Worker[1] is started,waiting dead messages......." func=file/repositry/mq.startDeadLetterConsumer.func1 file="/Users/zhaodeng/go_workspace/BrainBank/service-file/repositry/mq/init.go:112"
time="2024-03-14 15:52:56" level=info msg="Worker[3] is started,waiting dead messages......." func=file/repositry/mq.startDeadLetterConsumer.func1 file="/Users/zhaodeng/go_workspace/BrainBank/service-file/repositry/mq/init.go:112"
time="2024-03-14 15:52:56" level=info msg="Worker[4] is started,waiting dead messages......." func=file/repositry/mq.startDeadLetterConsumer.func1 file="/Users/zhaodeng/go_workspace/BrainBank/service-file/repositry/mq/init.go:112"
time="2024-03-14 16:07:39" level=info msg="Worker[1] is started,waiting dead messages......." func=file/repositry/mq.startDeadLetterConsumer.func1 file="/Users/zhaodeng/go_workspace/BrainBank/service-file/repositry/mq/init.go:112"
time="2024-03-14 16:07:39" level=info msg="Worker[2] is started,waiting dead messages......." func=file/repositry/mq.startDeadLetterConsumer.func1 file="/Users/zhaodeng/go_workspace/BrainBank/service-file/repositry/mq/init.go:112"
time="2024-03-14 16:07:39" level=info msg="Worker[0] is started,waiting dead messages......." func=file/repositry/mq.startDeadLetterConsumer.func1 file="/Users/zhaodeng/go_workspace/BrainBank/service-file/repositry/mq/init.go:112"
time="2024-03-14 16:07:39" level=info msg="Worker[3] is started,waiting dead messages......." func=file/repositry/mq.startDeadLetterConsumer.func1 file="/Users/zhaodeng/go_workspace/BrainBank/service-file/repositry/mq/init.go:112"
time="2024-03-14 16:07:39" level=info msg="Worker[4] is started,waiting dead messages......." func=file/repositry/mq.startDeadLetterConsumer.func1 file="/Users/zhaodeng/go_workspace/BrainBank/service-file/repositry/mq/init.go:112"
time="2024-03-14 16:10:26" level=info msg="Dead message worker[1] parsed userID: 1768107746265141248,document:1768183872056467456" func=file/repositry/mq.startDeadLetterConsumer.func1 file="/Users/zhaodeng/go_workspace/BrainBank/service-file/repositry/mq/init.go:122"
time="2024-03-14 19:31:40" level=info msg="Dead message worker[2] parsed userID: 1768107746265141248,document:1768178114703138816" func=file/repositry/mq.startDeadLetterConsumer.func1 file="/Users/zhaodeng/go_workspace/BrainBank/service-file/repositry/mq/init.go:122"
