time="2024-04-02 09:05:31" level=info msg="Successfully loaded configuration file in user service" func=user/config.InitConfig file="/Users/zhaodeng/go_workspace/BrainBank/service-user/config/init.go:71"
time="2024-04-02 09:05:31" level=info msg="Load mysql configuration successfully." func=user/repositry/dao.InitMysql file="/Users/zhaodeng/go_workspace/BrainBank/service-user/repositry/dao/init_mysql.go:21"
time="2024-04-02 09:05:31" level=info msg="Open mysql successfully." func=user/repositry/dao.InitMysql file="/Users/zhaodeng/go_workspace/BrainBank/service-user/repositry/dao/init_mysql.go:45"
time="2024-04-02 09:05:31" level=info msg="The basic setup of mysql was successful." func=user/repositry/dao.InitMysql file="/Users/zhaodeng/go_workspace/BrainBank/service-user/repositry/dao/init_mysql.go:52"
time="2024-04-02 09:05:31" level=info msg="File model migration to mysql database successful" func=user/repositry/dao.InitMysql file="/Users/zhaodeng/go_workspace/BrainBank/service-user/repositry/dao/init_mysql.go:58"
time="2024-04-02 09:05:31" level=error msg="Loading Redis Configuration Successfully." func=user/repositry/cache.InitRedis file="/Users/zhaodeng/go_workspace/BrainBank/service-user/repositry/cache/init.go:14"
time="2024-04-02 09:05:31" level=error msg="Client for redis created successfully." func=user/repositry/cache.InitRedis file="/Users/zhaodeng/go_workspace/BrainBank/service-user/repositry/cache/init.go:26"
time="2024-04-02 13:54:39" level=info msg="Successfully loaded configuration file in user service" func=user/config.InitConfig file="/Users/zhaodeng/go_workspace/BrainBank/service-user/config/init.go:71"
time="2024-04-02 13:54:39" level=info msg="Load mysql configuration successfully." func=user/repositry/dao.InitMysql file="/Users/zhaodeng/go_workspace/BrainBank/service-user/repositry/dao/init_mysql.go:21"
time="2024-04-02 13:54:39" level=info msg="Open mysql successfully." func=user/repositry/dao.InitMysql file="/Users/zhaodeng/go_workspace/BrainBank/service-user/repositry/dao/init_mysql.go:45"
time="2024-04-02 13:54:39" level=info msg="The basic setup of mysql was successful." func=user/repositry/dao.InitMysql file="/Users/zhaodeng/go_workspace/BrainBank/service-user/repositry/dao/init_mysql.go:52"
time="2024-04-02 13:54:39" level=info msg="File model migration to mysql database successful" func=user/repositry/dao.InitMysql file="/Users/zhaodeng/go_workspace/BrainBank/service-user/repositry/dao/init_mysql.go:58"
time="2024-04-02 13:54:39" level=error msg="Loading Redis Configuration Successfully." func=user/repositry/cache.InitRedis file="/Users/zhaodeng/go_workspace/BrainBank/service-user/repositry/cache/init.go:14"
time="2024-04-02 13:54:39" level=error msg="Client for redis created successfully." func=user/repositry/cache.InitRedis file="/Users/zhaodeng/go_workspace/BrainBank/service-user/repositry/cache/init.go:26"
time="2024-04-02 14:34:36" level=info msg="Successfully loaded configuration file in user service" func=user/config.InitConfig file="/Users/zhaodeng/go_workspace/BrainBank/service-user/config/init.go:71"
time="2024-04-02 14:34:36" level=info msg="Load mysql configuration successfully." func=user/repositry/dao.InitMysql file="/Users/zhaodeng/go_workspace/BrainBank/service-user/repositry/dao/init_mysql.go:21"
time="2024-04-02 14:34:36" level=info msg="Open mysql successfully." func=user/repositry/dao.InitMysql file="/Users/zhaodeng/go_workspace/BrainBank/service-user/repositry/dao/init_mysql.go:45"
time="2024-04-02 14:34:36" level=info msg="The basic setup of mysql was successful." func=user/repositry/dao.InitMysql file="/Users/zhaodeng/go_workspace/BrainBank/service-user/repositry/dao/init_mysql.go:52"
time="2024-04-02 14:34:36" level=info msg="File model migration to mysql database successful" func=user/repositry/dao.InitMysql file="/Users/zhaodeng/go_workspace/BrainBank/service-user/repositry/dao/init_mysql.go:58"
time="2024-04-02 14:34:36" level=error msg="Loading Redis Configuration Successfully." func=user/repositry/cache.InitRedis file="/Users/zhaodeng/go_workspace/BrainBank/service-user/repositry/cache/init.go:14"
time="2024-04-02 14:34:36" level=error msg="Client for redis created successfully." func=user/repositry/cache.InitRedis file="/Users/zhaodeng/go_workspace/BrainBank/service-user/repositry/cache/init.go:26"
