time="2024-04-03 09:14:37" level=info msg="Successfully loaded configuration file in api-gateway service" func=api-gateway/config.InitConfig file="/Users/zhaodeng/go_workspace/BrainBank/api-gateway/config/init.go:45"
time="2024-04-03 09:16:46" level=info msg="[]" func=api-gateway/weblib.NewRouter.Conversation.func15 file="/Users/zhaodeng/go_workspace/BrainBank/api-gateway/weblib/handler/chat.go:62"
time="2024-04-03 09:26:16" level=info msg="[]" func=api-gateway/weblib.NewRouter.Conversation.func15 file="/Users/zhaodeng/go_workspace/BrainBank/api-gateway/weblib/handler/chat.go:62"
time="2024-04-03 10:54:27" level=info msg="Successfully loaded configuration file in api-gateway service" func=api-gateway/config.InitConfig file="/Users/zhaodeng/go_workspace/BrainBank/api-gateway/config/init.go:45"
time="2024-04-03 11:13:00" level=info msg="Successfully loaded configuration file in api-gateway service" func=api-gateway/config.InitConfig file="/Users/zhaodeng/go_workspace/BrainBank/api-gateway/config/init.go:45"
time="2024-04-03 11:13:39" level=info func=api-gateway/weblib.NewRouter.TConversation.func16 file="/Users/zhaodeng/go_workspace/BrainBank/api-gateway/weblib/handler/chat.go:119"
time="2024-04-03 14:33:28" level=info msg="Successfully loaded configuration file in api-gateway service" func=api-gateway/config.InitConfig file="/Users/zhaodeng/go_workspace/BrainBank/api-gateway/config/init.go:45"
time="2024-04-03 14:38:12" level=info msg="Successfully loaded configuration file in api-gateway service" func=api-gateway/config.InitConfig file="/Users/zhaodeng/go_workspace/BrainBank/api-gateway/config/init.go:45"
time="2024-04-03 14:38:16" level=info func=api-gateway/weblib.NewRouter.Conversation.func15 file="/Users/zhaodeng/go_workspace/BrainBank/api-gateway/weblib/handler/chat.go:37"
time="2024-04-03 14:40:07" level=info msg="Successfully loaded configuration file in api-gateway service" func=api-gateway/config.InitConfig file="/Users/zhaodeng/go_workspace/BrainBank/api-gateway/config/init.go:45"
time="2024-04-03 14:40:13" level=info msg="请求的conversation id为" func=api-gateway/weblib.NewRouter.Conversation.func15 file="/Users/zhaodeng/go_workspace/BrainBank/api-gateway/weblib/handler/chat.go:37"
time="2024-04-03 14:40:41" level=info msg="Successfully loaded configuration file in api-gateway service" func=api-gateway/config.InitConfig file="/Users/zhaodeng/go_workspace/BrainBank/api-gateway/config/init.go:45"
time="2024-04-03 14:40:46" level=info msg="请求的conversation id为1004" func=api-gateway/weblib.NewRouter.Conversation.func15 file="/Users/zhaodeng/go_workspace/BrainBank/api-gateway/weblib/handler/chat.go:37"
time="2024-04-03 14:48:31" level=info msg="Successfully loaded configuration file in api-gateway service" func=api-gateway/config.InitConfig file="/Users/zhaodeng/go_workspace/BrainBank/api-gateway/config/init.go:45"
time="2024-04-03 15:04:07" level=info msg="Successfully loaded configuration file in api-gateway service" func=api-gateway/config.InitConfig file="/Users/zhaodeng/go_workspace/BrainBank/api-gateway/config/init.go:45"
time="2024-04-03 15:04:19" level=info msg="[test1 test2 test3]" func=api-gateway/weblib.NewRouter.Conversation.func15 file="/Users/zhaodeng/go_workspace/BrainBank/api-gateway/weblib/handler/chat.go:70"
time="2024-04-03 15:05:53" level=info msg="[test1 test2 test3]" func=api-gateway/weblib.NewRouter.Conversation.func15 file="/Users/zhaodeng/go_workspace/BrainBank/api-gateway/weblib/handler/chat.go:70"
time="2024-04-03 15:06:15" level=info msg="[test1 test2 test3]" func=api-gateway/weblib.NewRouter.Conversation.func15 file="/Users/zhaodeng/go_workspace/BrainBank/api-gateway/weblib/handler/chat.go:70"
time="2024-04-03 15:06:23" level=info msg="[test1 test2 test3]" func=api-gateway/weblib.NewRouter.Conversation.func15 file="/Users/zhaodeng/go_workspace/BrainBank/api-gateway/weblib/handler/chat.go:70"
time="2024-04-03 15:12:32" level=info msg="Successfully loaded configuration file in api-gateway service" func=api-gateway/config.InitConfig file="/Users/zhaodeng/go_workspace/BrainBank/api-gateway/config/init.go:45"
time="2024-04-03 15:12:43" level=info msg="[test1 test2 test3]" func=api-gateway/weblib.NewRouter.Conversation.func15 file="/Users/zhaodeng/go_workspace/BrainBank/api-gateway/weblib/handler/chat.go:71"
time="2024-04-03 15:14:37" level=info msg="[test1 test2 test3]" func=api-gateway/weblib.NewRouter.Conversation.func15 file="/Users/zhaodeng/go_workspace/BrainBank/api-gateway/weblib/handler/chat.go:71"
time="2024-04-03 15:19:00" level=info msg="Successfully loaded configuration file in api-gateway service" func=api-gateway/config.InitConfig file="/Users/zhaodeng/go_workspace/BrainBank/api-gateway/config/init.go:45"
time="2024-04-03 15:19:54" level=info msg="[你 好 啊]" func=api-gateway/weblib.NewRouter.Conversation.func15 file="/Users/zhaodeng/go_workspace/BrainBank/api-gateway/weblib/handler/chat.go:71"
time="2024-04-03 15:32:56" level=info msg="Successfully loaded configuration file in api-gateway service" func=api-gateway/config.InitConfig file="/Users/zhaodeng/go_workspace/BrainBank/api-gateway/config/init.go:45"
time="2024-04-03 15:33:03" level=info msg="[你 好 啊]" func=api-gateway/weblib.NewRouter.Conversation.func15 file="/Users/zhaodeng/go_workspace/BrainBank/api-gateway/weblib/handler/chat.go:71"
time="2024-04-03 15:33:03" level=info msg="你" func=api-gateway/weblib.NewRouter.Conversation.func15 file="/Users/zhaodeng/go_workspace/BrainBank/api-gateway/weblib/handler/chat.go:89"
time="2024-04-03 15:33:03" level=info msg="你好" func=api-gateway/weblib.NewRouter.Conversation.func15 file="/Users/zhaodeng/go_workspace/BrainBank/api-gateway/weblib/handler/chat.go:89"
time="2024-04-03 15:33:03" level=info msg="你好啊" func=api-gateway/weblib.NewRouter.Conversation.func15 file="/Users/zhaodeng/go_workspace/BrainBank/api-gateway/weblib/handler/chat.go:89"
time="2024-04-03 15:53:35" level=info msg="Successfully loaded configuration file in api-gateway service" func=api-gateway/config.InitConfig file="/Users/zhaodeng/go_workspace/BrainBank/api-gateway/config/init.go:45"
time="2024-04-03 16:02:11" level=info msg="Successfully loaded configuration file in api-gateway service" func=api-gateway/config.InitConfig file="/Users/zhaodeng/go_workspace/BrainBank/api-gateway/config/init.go:45"
time="2024-04-03 21:52:21" level=info msg="Successfully loaded configuration file in api-gateway service" func=api-gateway/config.InitConfig file="/Users/zhaodeng/go_workspace/BrainBank/api-gateway/config/init.go:45"
